2024-07-04 14:14:17,771 - actions.actions - DEBUG - Entering ActionSubmitForm.run()
2024-07-04 14:14:17,771 - actions.actions - DEBUG - Slot user_name: None
2024-07-04 14:14:17,771 - actions.actions - WARNING - ActionSubmitForm called but user_name is not filled
2024-07-04 14:30:01,890 - actions.actions - DEBUG - Entering ActionSubmitForm.run()
2024-07-04 14:30:01,890 - actions.actions - DEBUG - Slot user_name: None
2024-07-04 14:30:01,891 - actions.actions - DEBUG - Slot restaurant_name: None
2024-07-04 14:30:01,891 - actions.actions - DEBUG - Slot phone_number: None
2024-07-04 14:30:01,891 - actions.actions - DEBUG - Slot email: None
2024-07-04 14:30:01,891 - actions.actions - DEBUG - Slot date: None
2024-07-04 14:30:01,891 - actions.actions - DEBUG - Slot time: None
2024-07-04 14:30:01,891 - actions.actions - WARNING - ActionSubmitForm called but the following slots are not filled: user_name, restaurant_name, phone_number, email, date, time
2024-07-04 14:30:01,942 - actions.actions - DEBUG - Entering ActionSubmitForm.run()
2024-07-04 14:30:01,942 - actions.actions - DEBUG - Slot user_name: None
2024-07-04 14:30:01,943 - actions.actions - DEBUG - Slot restaurant_name: None
2024-07-04 14:30:01,943 - actions.actions - DEBUG - Slot phone_number: None
2024-07-04 14:30:01,943 - actions.actions - DEBUG - Slot email: None
2024-07-04 14:30:01,943 - actions.actions - DEBUG - Slot date: None
2024-07-04 14:30:01,943 - actions.actions - DEBUG - Slot time: None
2024-07-04 14:30:01,943 - actions.actions - WARNING - ActionSubmitForm called but the following slots are not filled: user_name, restaurant_name, phone_number, email, date, time
2024-07-04 14:30:02,004 - actions.actions - DEBUG - Entering ActionSubmitForm.run()
2024-07-04 14:30:02,004 - actions.actions - DEBUG - Slot user_name: None
2024-07-04 14:30:02,004 - actions.actions - DEBUG - Slot restaurant_name: None
2024-07-04 14:30:02,005 - actions.actions - DEBUG - Slot phone_number: None
2024-07-04 14:30:02,005 - actions.actions - DEBUG - Slot email: None
2024-07-04 14:30:02,005 - actions.actions - DEBUG - Slot date: None
2024-07-04 14:30:02,005 - actions.actions - DEBUG - Slot time: None
2024-07-04 14:30:02,005 - actions.actions - WARNING - ActionSubmitForm called but the following slots are not filled: user_name, restaurant_name, phone_number, email, date, time
2024-07-04 14:30:02,062 - actions.actions - DEBUG - Entering ActionSubmitForm.run()
2024-07-04 14:30:02,062 - actions.actions - DEBUG - Slot user_name: None
2024-07-04 14:30:02,062 - actions.actions - DEBUG - Slot restaurant_name: None
2024-07-04 14:30:02,063 - actions.actions - DEBUG - Slot phone_number: None
2024-07-04 14:30:02,063 - actions.actions - DEBUG - Slot email: None
2024-07-04 14:30:02,063 - actions.actions - DEBUG - Slot date: None
2024-07-04 14:30:02,063 - actions.actions - DEBUG - Slot time: None
2024-07-04 14:30:02,063 - actions.actions - WARNING - ActionSubmitForm called but the following slots are not filled: user_name, restaurant_name, phone_number, email, date, time
2024-07-04 14:30:02,122 - actions.actions - DEBUG - Entering ActionSubmitForm.run()
2024-07-04 14:30:02,122 - actions.actions - DEBUG - Slot user_name: None
2024-07-04 14:30:02,122 - actions.actions - DEBUG - Slot restaurant_name: None
2024-07-04 14:30:02,122 - actions.actions - DEBUG - Slot phone_number: None
2024-07-04 14:30:02,122 - actions.actions - DEBUG - Slot email: None
2024-07-04 14:30:02,122 - actions.actions - DEBUG - Slot date: None
2024-07-04 14:30:02,122 - actions.actions - DEBUG - Slot time: None
2024-07-04 14:30:02,122 - actions.actions - WARNING - ActionSubmitForm called but the following slots are not filled: user_name, restaurant_name, phone_number, email, date, time
